<?xml version="1.0" encoding="UTF-8"?>
<!-- Generated by org.testng.reporters.JUnitReportReporter -->
<testsuite skipped="0" hostname="Appu" name="com.webpage.testCases.DeleteCustomerTest" tests="1" failures="0" timestamp="20 May 2019 10:53:58 GMT" time="91.397" errors="0">
  <testcase name="delete" time="91.397" classname="com.webpage.testCases.DeleteCustomerTest"/>
</testsuite> <!-- com.webpage.testCases.DeleteCustomerTest -->
