<?xml version="1.0" encoding="UTF-8"?>
<!-- Generated by org.testng.reporters.JUnitReportReporter -->
<testsuite skipped="0" hostname="Appu" name="com.webpage.testCases.LoginTest" tests="1" failures="0" timestamp="17 May 2019 11:29:24 GMT" time="4.814" errors="0">
  <testcase name="loginTest" time="4.814" classname="com.webpage.testCases.LoginTest"/>
</testsuite> <!-- com.webpage.testCases.LoginTest -->
